C:\THINKINGSOFTWARE\AB2\SOURCE\DEBUG\ACTBAR2.PCH
C:\THINKINGSOFTWARE\AB2\SOURCE\DEBUG\PRECOMP.SBR
C:\THINKINGSOFTWARE\AB2\SOURCE\DEBUG\PRECOMP.OBJ
C:\THINKINGSOFTWARE\AB2\SOURCE\DEBUG\VC110.PDB
C:\THINKINGSOFTWARE\AB2\SOURCE\DEBUG\BAND.SBR
C:\THINKINGSOFTWARE\AB2\SOURCE\DEBUG\BANDS.SBR
C:\THINKINGSOFTWARE\AB2\SOURCE\DEBUG\BAR.SBR
C:\THINKINGSOFTWARE\AB2\SOURCE\DEBUG\BTABS.SBR
C:\THINKINGSOFTWARE\AB2\SOURCE\DEBUG\CATEGORYMGR.SBR
C:\THINKINGSOFTWARE\AB2\SOURCE\DEBUG\CATIDREG.SBR
C:\THINKINGSOFTWARE\AB2\SOURCE\DEBUG\CBLIST.SBR
C:\THINKINGSOFTWARE\AB2\SOURCE\DEBUG\CHILDBANDS.SBR
C:\THINKINGSOFTWARE\AB2\SOURCE\DEBUG\CUSTOM.SBR
C:\THINKINGSOFTWARE\AB2\SOURCE\DEBUG\CUSTOMIZELISTBOX.SBR
C:\THINKINGSOFTWARE\AB2\SOURCE\DEBUG\CUSTOMPROXY.SBR
C:\THINKINGSOFTWARE\AB2\SOURCE\DEBUG\DDASYNC.SBR
C:\THINKINGSOFTWARE\AB2\SOURCE\DEBUG\DEBUG.SBR
C:\THINKINGSOFTWARE\AB2\SOURCE\DEBUG\DIB.SBR
C:\THINKINGSOFTWARE\AB2\SOURCE\DEBUG\DOCK.SBR
C:\THINKINGSOFTWARE\AB2\SOURCE\DEBUG\DRAGDROP.SBR
C:\THINKINGSOFTWARE\AB2\SOURCE\DEBUG\DRAGDROPMGR.SBR
C:\THINKINGSOFTWARE\AB2\SOURCE\DEBUG\DROPSOURCE.SBR
C:\THINKINGSOFTWARE\AB2\SOURCE\DEBUG\ENUMX.SBR
C:\THINKINGSOFTWARE\AB2\SOURCE\DEBUG\EVENTLOG.SBR
C:\THINKINGSOFTWARE\AB2\SOURCE\DEBUG\EVENTLOG.OBJ
C:\THINKINGSOFTWARE\AB2\SOURCE\DEBUG\ENUMX.OBJ
C:\THINKINGSOFTWARE\AB2\SOURCE\DEBUG\DROPSOURCE.OBJ
C:\THINKINGSOFTWARE\AB2\SOURCE\DEBUG\DRAGDROPMGR.OBJ
C:\THINKINGSOFTWARE\AB2\SOURCE\DEBUG\DRAGDROP.OBJ
C:\THINKINGSOFTWARE\AB2\SOURCE\DEBUG\DOCK.OBJ
C:\THINKINGSOFTWARE\AB2\SOURCE\DEBUG\DIB.OBJ
C:\THINKINGSOFTWARE\AB2\SOURCE\DEBUG\DEBUG.OBJ
C:\THINKINGSOFTWARE\AB2\SOURCE\DEBUG\DDASYNC.OBJ
C:\THINKINGSOFTWARE\AB2\SOURCE\DEBUG\CUSTOMPROXY.OBJ
C:\THINKINGSOFTWARE\AB2\SOURCE\DEBUG\CUSTOMIZELISTBOX.OBJ
C:\THINKINGSOFTWARE\AB2\SOURCE\DEBUG\CUSTOM.OBJ
C:\THINKINGSOFTWARE\AB2\SOURCE\DEBUG\CHILDBANDS.OBJ
C:\THINKINGSOFTWARE\AB2\SOURCE\DEBUG\CBLIST.OBJ
C:\THINKINGSOFTWARE\AB2\SOURCE\DEBUG\CATIDREG.OBJ
C:\THINKINGSOFTWARE\AB2\SOURCE\DEBUG\CATEGORYMGR.OBJ
C:\THINKINGSOFTWARE\AB2\SOURCE\DEBUG\BTABS.OBJ
C:\THINKINGSOFTWARE\AB2\SOURCE\DEBUG\BAR.OBJ
C:\THINKINGSOFTWARE\AB2\SOURCE\DEBUG\BANDS.OBJ
C:\THINKINGSOFTWARE\AB2\SOURCE\DEBUG\BAND.OBJ
C:\THINKINGSOFTWARE\AB2\SOURCE\DEBUG\FDIALOG.SBR
C:\THINKINGSOFTWARE\AB2\SOURCE\DEBUG\FLICKER.SBR
C:\THINKINGSOFTWARE\AB2\SOURCE\DEBUG\FONTHOLDER.SBR
C:\THINKINGSOFTWARE\AB2\SOURCE\DEBUG\FREGKEY.SBR
C:\THINKINGSOFTWARE\AB2\SOURCE\DEBUG\FWND.SBR
C:\THINKINGSOFTWARE\AB2\SOURCE\DEBUG\GLOBALS.SBR
C:\THINKINGSOFTWARE\AB2\SOURCE\DEBUG\GUIDS.SBR
C:\THINKINGSOFTWARE\AB2\SOURCE\DEBUG\IBAR.SBR
C:\THINKINGSOFTWARE\AB2\SOURCE\DEBUG\IMAGEMGR.SBR
C:\THINKINGSOFTWARE\AB2\SOURCE\DEBUG\IPSERVER.SBR
C:\THINKINGSOFTWARE\AB2\SOURCE\DEBUG\LOCALIZER.SBR
C:\THINKINGSOFTWARE\AB2\SOURCE\DEBUG\MAP.SBR
C:\THINKINGSOFTWARE\AB2\SOURCE\DEBUG\MINIWIN.SBR
C:\THINKINGSOFTWARE\AB2\SOURCE\DEBUG\PICTUREHOLDER.SBR
C:\THINKINGSOFTWARE\AB2\SOURCE\DEBUG\POPUPWIN.SBR
C:\THINKINGSOFTWARE\AB2\SOURCE\DEBUG\PRIVATE.SBR
C:\THINKINGSOFTWARE\AB2\SOURCE\DEBUG\PROPPAGE.SBR
C:\THINKINGSOFTWARE\AB2\SOURCE\DEBUG\RETURNBOOL.SBR
C:\THINKINGSOFTWARE\AB2\SOURCE\DEBUG\RETURNSTRING.SBR
C:\THINKINGSOFTWARE\AB2\SOURCE\DEBUG\SCRIPTSTRING.SBR
C:\THINKINGSOFTWARE\AB2\SOURCE\DEBUG\SCRIPTSTRING.OBJ
C:\THINKINGSOFTWARE\AB2\SOURCE\DEBUG\RETURNSTRING.OBJ
C:\THINKINGSOFTWARE\AB2\SOURCE\DEBUG\RETURNBOOL.OBJ
C:\THINKINGSOFTWARE\AB2\SOURCE\DEBUG\PROPPAGE.OBJ
C:\THINKINGSOFTWARE\AB2\SOURCE\DEBUG\PRIVATE.OBJ
C:\THINKINGSOFTWARE\AB2\SOURCE\DEBUG\POPUPWIN.OBJ
C:\THINKINGSOFTWARE\AB2\SOURCE\DEBUG\PICTUREHOLDER.OBJ
C:\THINKINGSOFTWARE\AB2\SOURCE\DEBUG\MINIWIN.OBJ
C:\THINKINGSOFTWARE\AB2\SOURCE\DEBUG\MAP.OBJ
C:\THINKINGSOFTWARE\AB2\SOURCE\DEBUG\LOCALIZER.OBJ
C:\THINKINGSOFTWARE\AB2\SOURCE\DEBUG\IPSERVER.OBJ
C:\THINKINGSOFTWARE\AB2\SOURCE\DEBUG\IMAGEMGR.OBJ
C:\THINKINGSOFTWARE\AB2\SOURCE\DEBUG\IBAR.OBJ
C:\THINKINGSOFTWARE\AB2\SOURCE\DEBUG\GUIDS.OBJ
C:\THINKINGSOFTWARE\AB2\SOURCE\DEBUG\GLOBALS.OBJ
C:\THINKINGSOFTWARE\AB2\SOURCE\DEBUG\FWND.OBJ
C:\THINKINGSOFTWARE\AB2\SOURCE\DEBUG\FREGKEY.OBJ
C:\THINKINGSOFTWARE\AB2\SOURCE\DEBUG\FONTHOLDER.OBJ
C:\THINKINGSOFTWARE\AB2\SOURCE\DEBUG\FLICKER.OBJ
C:\THINKINGSOFTWARE\AB2\SOURCE\DEBUG\FDIALOG.OBJ
C:\THINKINGSOFTWARE\AB2\SOURCE\DEBUG\SHORTCUTS.SBR
C:\THINKINGSOFTWARE\AB2\SOURCE\DEBUG\STATICLINK.SBR
C:\THINKINGSOFTWARE\AB2\SOURCE\DEBUG\STREAMS.SBR
C:\THINKINGSOFTWARE\AB2\SOURCE\DEBUG\SUPPORT.SBR
C:\THINKINGSOFTWARE\AB2\SOURCE\DEBUG\TOOL.SBR
C:\THINKINGSOFTWARE\AB2\SOURCE\DEBUG\TOOLS.SBR
C:\THINKINGSOFTWARE\AB2\SOURCE\DEBUG\TOOLTIP.SBR
C:\THINKINGSOFTWARE\AB2\SOURCE\DEBUG\TPPOPUP.SBR
C:\THINKINGSOFTWARE\AB2\SOURCE\DEBUG\UTILITY.SBR
C:\THINKINGSOFTWARE\AB2\SOURCE\DEBUG\WHATSTHISHELP.SBR
C:\THINKINGSOFTWARE\AB2\SOURCE\DEBUG\WINDOWPROC.SBR
C:\THINKINGSOFTWARE\AB2\SOURCE\DEBUG\XEVENTS.SBR
C:\THINKINGSOFTWARE\AB2\SOURCE\DEBUG\XEVENTS.OBJ
C:\THINKINGSOFTWARE\AB2\SOURCE\DEBUG\WINDOWPROC.OBJ
C:\THINKINGSOFTWARE\AB2\SOURCE\DEBUG\WHATSTHISHELP.OBJ
C:\THINKINGSOFTWARE\AB2\SOURCE\DEBUG\UTILITY.OBJ
C:\THINKINGSOFTWARE\AB2\SOURCE\DEBUG\TPPOPUP.OBJ
C:\THINKINGSOFTWARE\AB2\SOURCE\DEBUG\TOOLTIP.OBJ
C:\THINKINGSOFTWARE\AB2\SOURCE\DEBUG\TOOLS.OBJ
C:\THINKINGSOFTWARE\AB2\SOURCE\DEBUG\TOOL.OBJ
C:\THINKINGSOFTWARE\AB2\SOURCE\DEBUG\SUPPORT.OBJ
C:\THINKINGSOFTWARE\AB2\SOURCE\DEBUG\STREAMS.OBJ
C:\THINKINGSOFTWARE\AB2\SOURCE\DEBUG\STATICLINK.OBJ
C:\THINKINGSOFTWARE\AB2\SOURCE\DEBUG\SHORTCUTS.OBJ
C:\THINKINGSOFTWARE\AB2\SOURCE\DEBUG\QSORT.SBR
C:\THINKINGSOFTWARE\AB2\SOURCE\DEBUG\WCSCAT.SBR
C:\THINKINGSOFTWARE\AB2\SOURCE\DEBUG\WCSCMP.SBR
C:\THINKINGSOFTWARE\AB2\SOURCE\DEBUG\WCSLEN.SBR
C:\THINKINGSOFTWARE\AB2\SOURCE\DEBUG\WCSLEN.OBJ
C:\THINKINGSOFTWARE\AB2\SOURCE\DEBUG\WCSCMP.OBJ
C:\THINKINGSOFTWARE\AB2\SOURCE\DEBUG\WCSCAT.OBJ
C:\THINKINGSOFTWARE\AB2\SOURCE\DEBUG\QSORT.OBJ
C:\THINKINGSOFTWARE\AB2\SOURCE\DEBUG\ACTBAR2.TLB
C:\THINKINGSOFTWARE\AB2\SOURCE\PRIVATE_I.C
C:\THINKINGSOFTWARE\AB2\SOURCE\PRIVATEINTERFACES.H
C:\THINKINGSOFTWARE\AB2\SOURCE\PRJ.TLB
C:\THINKINGSOFTWARE\AB2\SOURCE\PRJ_I.C
C:\THINKINGSOFTWARE\AB2\SOURCE\INTERFACES.H
C:\ThinkingSoftware\AB2\Source\Debug\band.obj
C:\ThinkingSoftware\AB2\Source\Debug\Bands.obj
C:\ThinkingSoftware\AB2\Source\Debug\Bar.obj
C:\ThinkingSoftware\AB2\Source\Debug\Btabs.obj
C:\ThinkingSoftware\AB2\Source\Debug\CategoryMgr.obj
C:\ThinkingSoftware\AB2\Source\Debug\catidreg.obj
C:\ThinkingSoftware\AB2\Source\Debug\CBList.obj
C:\ThinkingSoftware\AB2\Source\Debug\ChildBands.obj
C:\ThinkingSoftware\AB2\Source\Debug\Custom.obj
C:\ThinkingSoftware\AB2\Source\Debug\CustomizeListbox.obj
C:\ThinkingSoftware\AB2\Source\Debug\customproxy.obj
C:\ThinkingSoftware\AB2\Source\Debug\DDASYNC.obj
C:\ThinkingSoftware\AB2\Source\Debug\debug.obj
C:\ThinkingSoftware\AB2\Source\Debug\Dib.obj
C:\ThinkingSoftware\AB2\Source\Debug\Dock.obj
C:\ThinkingSoftware\AB2\Source\Debug\DragDrop.obj
C:\ThinkingSoftware\AB2\Source\Debug\DragDropMgr.obj
C:\ThinkingSoftware\AB2\Source\Debug\DropSource.obj
C:\ThinkingSoftware\AB2\Source\Debug\enumx.obj
C:\ThinkingSoftware\AB2\Source\Debug\EventLog.obj
C:\ThinkingSoftware\AB2\Source\Debug\FDIALOG.obj
C:\ThinkingSoftware\AB2\Source\Debug\Flicker.obj
C:\ThinkingSoftware\AB2\Source\Debug\fontholder.obj
C:\ThinkingSoftware\AB2\Source\Debug\fregkey.obj
C:\ThinkingSoftware\AB2\Source\Debug\FWND.obj
C:\ThinkingSoftware\AB2\Source\Debug\Globals.obj
C:\ThinkingSoftware\AB2\Source\Debug\guids.obj
C:\ThinkingSoftware\AB2\Source\Debug\Ibar.obj
C:\ThinkingSoftware\AB2\Source\Debug\ImageMgr.obj
C:\ThinkingSoftware\AB2\Source\Debug\ipserver.obj
C:\ThinkingSoftware\AB2\Source\Debug\localizer.obj
C:\ThinkingSoftware\AB2\Source\Debug\Map.obj
C:\ThinkingSoftware\AB2\Source\Debug\Miniwin.obj
C:\ThinkingSoftware\AB2\Source\Debug\pictureholder.obj
C:\ThinkingSoftware\AB2\Source\Debug\Popupwin.obj
C:\ThinkingSoftware\AB2\Source\Debug\precomp.obj
C:\ThinkingSoftware\AB2\Source\Debug\Private.obj
C:\ThinkingSoftware\AB2\Source\Debug\proppage.obj
C:\ThinkingSoftware\AB2\Source\Debug\QSORT.obj
C:\ThinkingSoftware\AB2\Source\Debug\returnbool.obj
C:\ThinkingSoftware\AB2\Source\Debug\returnstring.obj
C:\ThinkingSoftware\AB2\Source\Debug\ScriptString.obj
C:\ThinkingSoftware\AB2\Source\Debug\ShortCuts.obj
C:\ThinkingSoftware\AB2\Source\Debug\StaticLink.obj
C:\ThinkingSoftware\AB2\Source\Debug\Streams.obj
C:\ThinkingSoftware\AB2\Source\Debug\support.obj
C:\ThinkingSoftware\AB2\Source\Debug\tool.obj
C:\ThinkingSoftware\AB2\Source\Debug\Tools.obj
C:\ThinkingSoftware\AB2\Source\Debug\Tooltip.obj
C:\ThinkingSoftware\AB2\Source\Debug\Tppopup.obj
C:\ThinkingSoftware\AB2\Source\Debug\Utility.obj
C:\ThinkingSoftware\AB2\Source\Debug\WCSCAT.obj
C:\ThinkingSoftware\AB2\Source\Debug\WCSCMP.obj
C:\ThinkingSoftware\AB2\Source\Debug\WCSLEN.obj
C:\ThinkingSoftware\AB2\Source\Debug\WhatsThisHelp.obj
C:\ThinkingSoftware\AB2\Source\Debug\WindowProc.obj
C:\ThinkingSoftware\AB2\Source\Debug\xevents.obj
C:\ThinkingSoftware\AB2\Source\Debug\Actbar2.tlb
C:\ThinkingSoftware\AB2\Source\Debug\cl.command.1.tlog
C:\ThinkingSoftware\AB2\Source\Debug\CL.read.1.tlog
C:\ThinkingSoftware\AB2\Source\Debug\CL.write.1.tlog
C:\ThinkingSoftware\AB2\Source\Debug\midl-midlc-cl.read.1.tlog
C:\ThinkingSoftware\AB2\Source\Debug\midl-midlc-cl.write.1.tlog
C:\ThinkingSoftware\AB2\Source\Debug\midl-midlc.read.1.tlog
C:\ThinkingSoftware\AB2\Source\Debug\midl-midlc.write.1.tlog
C:\ThinkingSoftware\AB2\Source\Debug\midl.command.1.tlog
C:\ThinkingSoftware\AB2\Source\Debug\midl.read.1.tlog
C:\ThinkingSoftware\AB2\Source\Debug\midl.write.1.tlog
C:\ThinkingSoftware\AB2\Source\Debug\Actbar2.pch
C:\ThinkingSoftware\AB2\Source\Debug\vc110.idb
C:\ThinkingSoftware\AB2\Source\Debug\vc110.pdb
C:\ThinkingSoftware\AB2\Source\Debug\band.sbr
C:\ThinkingSoftware\AB2\Source\Debug\Bands.sbr
C:\ThinkingSoftware\AB2\Source\Debug\Bar.sbr
C:\ThinkingSoftware\AB2\Source\Debug\Btabs.sbr
C:\ThinkingSoftware\AB2\Source\Debug\CategoryMgr.sbr
C:\ThinkingSoftware\AB2\Source\Debug\catidreg.sbr
C:\ThinkingSoftware\AB2\Source\Debug\CBList.sbr
C:\ThinkingSoftware\AB2\Source\Debug\ChildBands.sbr
C:\ThinkingSoftware\AB2\Source\Debug\Custom.sbr
C:\ThinkingSoftware\AB2\Source\Debug\CustomizeListbox.sbr
C:\ThinkingSoftware\AB2\Source\Debug\customproxy.sbr
C:\ThinkingSoftware\AB2\Source\Debug\DDASYNC.sbr
C:\ThinkingSoftware\AB2\Source\Debug\debug.sbr
C:\ThinkingSoftware\AB2\Source\Debug\Dib.sbr
C:\ThinkingSoftware\AB2\Source\Debug\Dock.sbr
C:\ThinkingSoftware\AB2\Source\Debug\DragDrop.sbr
C:\ThinkingSoftware\AB2\Source\Debug\DragDropMgr.sbr
C:\ThinkingSoftware\AB2\Source\Debug\DropSource.sbr
C:\ThinkingSoftware\AB2\Source\Debug\enumx.sbr
C:\ThinkingSoftware\AB2\Source\Debug\EventLog.sbr
C:\ThinkingSoftware\AB2\Source\Debug\FDIALOG.sbr
C:\ThinkingSoftware\AB2\Source\Debug\Flicker.sbr
C:\ThinkingSoftware\AB2\Source\Debug\fontholder.sbr
C:\ThinkingSoftware\AB2\Source\Debug\fregkey.sbr
C:\ThinkingSoftware\AB2\Source\Debug\FWND.sbr
C:\ThinkingSoftware\AB2\Source\Debug\Globals.sbr
C:\ThinkingSoftware\AB2\Source\Debug\guids.sbr
C:\ThinkingSoftware\AB2\Source\Debug\Ibar.sbr
C:\ThinkingSoftware\AB2\Source\Debug\ImageMgr.sbr
C:\ThinkingSoftware\AB2\Source\Debug\ipserver.sbr
C:\ThinkingSoftware\AB2\Source\Debug\localizer.sbr
C:\ThinkingSoftware\AB2\Source\Debug\Map.sbr
C:\ThinkingSoftware\AB2\Source\Debug\Miniwin.sbr
C:\ThinkingSoftware\AB2\Source\Debug\pictureholder.sbr
C:\ThinkingSoftware\AB2\Source\Debug\Popupwin.sbr
C:\ThinkingSoftware\AB2\Source\Debug\precomp.sbr
C:\ThinkingSoftware\AB2\Source\Debug\Private.sbr
C:\ThinkingSoftware\AB2\Source\Debug\proppage.sbr
C:\ThinkingSoftware\AB2\Source\Debug\QSORT.sbr
C:\ThinkingSoftware\AB2\Source\Debug\returnbool.sbr
C:\ThinkingSoftware\AB2\Source\Debug\returnstring.sbr
C:\ThinkingSoftware\AB2\Source\Debug\ScriptString.sbr
C:\ThinkingSoftware\AB2\Source\Debug\ShortCuts.sbr
C:\ThinkingSoftware\AB2\Source\Debug\StaticLink.sbr
C:\ThinkingSoftware\AB2\Source\Debug\Streams.sbr
C:\ThinkingSoftware\AB2\Source\Debug\support.sbr
C:\ThinkingSoftware\AB2\Source\Debug\tool.sbr
C:\ThinkingSoftware\AB2\Source\Debug\Tools.sbr
C:\ThinkingSoftware\AB2\Source\Debug\Tooltip.sbr
C:\ThinkingSoftware\AB2\Source\Debug\Tppopup.sbr
C:\ThinkingSoftware\AB2\Source\Debug\Utility.sbr
C:\ThinkingSoftware\AB2\Source\Debug\WCSCAT.sbr
C:\ThinkingSoftware\AB2\Source\Debug\WCSCMP.sbr
C:\ThinkingSoftware\AB2\Source\Debug\WCSLEN.sbr
C:\ThinkingSoftware\AB2\Source\Debug\WhatsThisHelp.sbr
C:\ThinkingSoftware\AB2\Source\Debug\WindowProc.sbr
C:\ThinkingSoftware\AB2\Source\Debug\xevents.sbr
