C:\DEVELOPMENT\AB2\SOURCE\ACTBAR___WIN32_AB_DLL_DEBUG\ACTBAR2.TLB
C:\DEVELOPMENT\AB2\SOURCE\PRIVATE_I.C
C:\DEVELOPMENT\AB2\SOURCE\PRIVATEINTERFACES.H
C:\DEVELOPMENT\AB2\SOURCE\PRJ.TLB
C:\DEVELOPMENT\AB2\SOURCE\PRJ_I.C
C:\DEVELOPMENT\AB2\SOURCE\INTERFACES.H
C:\ThinkingSoftware\AB2\Source\Actbar___Win32_AB_DLL_Debug\Actbar2.tlb
C:\ThinkingSoftware\AB2\Source\Actbar___Win32_AB_DLL_Debug\cl.command.1.tlog
C:\ThinkingSoftware\AB2\Source\Actbar___Win32_AB_DLL_Debug\CL.read.1.tlog
C:\ThinkingSoftware\AB2\Source\Actbar___Win32_AB_DLL_Debug\CL.write.1.tlog
C:\ThinkingSoftware\AB2\Source\Actbar___Win32_AB_DLL_Debug\midl-midlc-cl.read.1.tlog
C:\ThinkingSoftware\AB2\Source\Actbar___Win32_AB_DLL_Debug\midl-midlc-cl.write.1.tlog
C:\ThinkingSoftware\AB2\Source\Actbar___Win32_AB_DLL_Debug\midl-midlc.read.1.tlog
C:\ThinkingSoftware\AB2\Source\Actbar___Win32_AB_DLL_Debug\midl-midlc.write.1.tlog
C:\ThinkingSoftware\AB2\Source\Actbar___Win32_AB_DLL_Debug\midl.command.1.tlog
C:\ThinkingSoftware\AB2\Source\Actbar___Win32_AB_DLL_Debug\midl.read.1.tlog
C:\ThinkingSoftware\AB2\Source\Actbar___Win32_AB_DLL_Debug\midl.write.1.tlog
C:\ThinkingSoftware\AB2\Source\Actbar___Win32_AB_DLL_Debug\vc110.idb
C:\ThinkingSoftware\AB2\Source\Actbar___Win32_AB_DLL_Debug\vc110.pdb
C:\ThinkingSoftware\AB2\Source\Actbar___Win32_AB_DLL_Debug\precomp.sbr
